# JRE version: Java(TM) SE Runtime Environment (8.0_121-b13) (build 1.8.0_121-b13)
# Java VM: Java HotSpot(TM) 64-Bit Server VM (25.121-b13 mixed mode linux-amd64 compressed oops)
Heap:
 PSYoungGen      total 829952K, used 168518K [0x000000076b980000, 0x00000007a2580000, 0x00000007c0000000)
  eden space 807936K, 20% used [0x000000076b980000,0x0000000775e11818,0x000000079ce80000)
  from space 22016K, 0% used [0x000000079e480000,0x000000079e480000,0x000000079fa00000)
  to   space 22528K, 0% used [0x000000079ce80000,0x000000079ce80000,0x000000079e480000)
 ParOldGen       total 147968K, used 32621K [0x00000006c2c00000, 0x00000006cbc80000, 0x000000076b980000)
  object space 147968K, 22% used [0x00000006c2c00000,0x00000006c4bdb780,0x00000006cbc80000)
 Metaspace       used 62879K, capacity 63308K, committed 63872K, reserved 1105920K
  class space    used 7104K, capacity 7197K, committed 7296K, reserved 1048576K
GC Heap History (10 events):
Event: 10,031 GC heap before
{Heap before GC invocations=11 (full 2):
 PSYoungGen      total 388096K, used 6969K [0x000000076b980000, 0x000000078fc80000, 0x00000007c0000000)
  eden space 372224K, 0% used [0x000000076b980000,0x000000076b980000,0x0000000782500000)
  from space 15872K, 43% used [0x0000000782500000,0x0000000782bce468,0x0000000783480000)
  to   space 15360K, 0% used [0x000000078ed80000,0x000000078ed80000,0x000000078fc80000)
 ParOldGen       total 92160K, used 22751K [0x00000006c2c00000, 0x00000006c8600000, 0x000000076b980000)
  object space 92160K, 24% used [0x00000006c2c00000,0x00000006c4237fc0,0x00000006c8600000)
 Metaspace       used 35067K, capacity 35358K, committed 35496K, reserved 1081344K
  class space    used 4011K, capacity 4096K, committed 4096K, reserved 1048576K
Event: 10,085 GC heap after
Heap after GC invocations=11 (full 2):
 PSYoungGen      total 388096K, used 0K [0x000000076b980000, 0x000000078fc80000, 0x00000007c0000000)
  eden space 372224K, 0% used [0x000000076b980000,0x000000076b980000,0x0000000782500000)
  from space 15872K, 0% used [0x0000000782500000,0x0000000782500000,0x0000000783480000)
  to   space 15360K, 0% used [0x000000078ed80000,0x000000078ed80000,0x000000078fc80000)
 ParOldGen       total 117760K, used 17905K [0x00000006c2c00000, 0x00000006c9f00000, 0x000000076b980000)
  object space 117760K, 15% used [0x00000006c2c00000,0x00000006c3d7c580,0x00000006c9f00000)
 Metaspace       used 35067K, capacity 35358K, committed 35496K, reserved 1081344K
  class space    used 4011K, capacity 4096K, committed 4096K, reserved 1048576K
}
Event: 13,333 GC heap before
{Heap before GC invocations=12 (full 2):
 PSYoungGen      total 388096K, used 372224K [0x000000076b980000, 0x000000078fc80000, 0x00000007c0000000)
  eden space 372224K, 100% used [0x000000076b980000,0x0000000782500000,0x0000000782500000)
  from space 15872K, 0% used [0x0000000782500000,0x0000000782500000,0x0000000783480000)
  to   space 15360K, 0% used [0x000000078ed80000,0x000000078ed80000,0x000000078fc80000)
 ParOldGen       total 117760K, used 17905K [0x00000006c2c00000, 0x00000006c9f00000, 0x000000076b980000)
  object space 117760K, 15% used [0x00000006c2c00000,0x00000006c3d7c580,0x00000006c9f00000)
 Metaspace       used 42215K, capacity 42634K, committed 42880K, reserved 1087488K
  class space    used 4757K, capacity 4882K, committed 4992K, reserved 1048576K
Event: 13,388 GC heap after
Heap after GC invocations=12 (full 2):
 PSYoungGen      total 565248K, used 11930K [0x000000076b980000, 0x000000078f980000, 0x00000007c0000000)
  eden space 552960K, 0% used [0x000000076b980000,0x000000076b980000,0x000000078d580000)
  from space 12288K, 97% used [0x000000078ed80000,0x000000078f9269a0,0x000000078f980000)
  to   space 15872K, 0% used [0x000000078da80000,0x000000078da80000,0x000000078ea00000)
 ParOldGen       total 117760K, used 17913K [0x00000006c2c00000, 0x00000006c9f00000, 0x000000076b980000)
  object space 117760K, 15% used [0x00000006c2c00000,0x00000006c3d7e580,0x00000006c9f00000)
 Metaspace       used 42215K, capacity 42634K, committed 42880K, reserved 1087488K
  class space    used 4757K, capacity 4882K, committed 4992K, reserved 1048576K
}
Event: 17,147 GC heap before
{Heap before GC invocations=13 (full 2):
 PSYoungGen      total 565248K, used 564890K [0x000000076b980000, 0x000000078f980000, 0x00000007c0000000)
  eden space 552960K, 100% used [0x000000076b980000,0x000000078d580000,0x000000078d580000)
  from space 12288K, 97% used [0x000000078ed80000,0x000000078f9269a0,0x000000078f980000)
  to   space 15872K, 0% used [0x000000078da80000,0x000000078da80000,0x000000078ea00000)
 ParOldGen       total 117760K, used 17913K [0x00000006c2c00000, 0x00000006c9f00000, 0x000000076b980000)
  object space 117760K, 15% used [0x00000006c2c00000,0x00000006c3d7e580,0x00000006c9f00000)
 Metaspace       used 58381K, capacity 58760K, committed 59160K, reserved 1101824K
  class space    used 6598K, capacity 6711K, committed 6784K, reserved 1048576K
Event: 17,172 GC heap after
Heap after GC invocations=13 (full 2):
 PSYoungGen      total 573952K, used 15857K [0x000000076b980000, 0x000000079fa00000, 0x00000007c0000000)
  eden space 558080K, 0% used [0x000000076b980000,0x000000076b980000,0x000000078da80000)
  from space 15872K, 99% used [0x000000078da80000,0x000000078e9fc5c0,0x000000078ea00000)
  to   space 22016K, 0% used [0x000000079e480000,0x000000079e480000,0x000000079fa00000)
 ParOldGen       total 117760K, used 28685K [0x00000006c2c00000, 0x00000006c9f00000, 0x000000076b980000)
  object space 117760K, 24% used [0x00000006c2c00000,0x00000006c48037d8,0x00000006c9f00000)
 Metaspace       used 58381K, capacity 58760K, committed 59160K, reserved 1101824K
  class space    used 6598K, capacity 6711K, committed 6784K, reserved 1048576K
}
Event: 17,247 GC heap before
{Heap before GC invocations=14 (full 2):
 PSYoungGen      total 573952K, used 40987K [0x000000076b980000, 0x000000079fa00000, 0x00000007c0000000)
  eden space 558080K, 4% used [0x000000076b980000,0x000000076d20a878,0x000000078da80000)
  from space 15872K, 99% used [0x000000078da80000,0x000000078e9fc5c0,0x000000078ea00000)
  to   space 22016K, 0% used [0x000000079e480000,0x000000079e480000,0x000000079fa00000)
 ParOldGen       total 117760K, used 28685K [0x00000006c2c00000, 0x00000006c9f00000, 0x000000076b980000)
  object space 117760K, 24% used [0x00000006c2c00000,0x00000006c48037d8,0x00000006c9f00000)
 Metaspace       used 58517K, capacity 58920K, committed 59160K, reserved 1101824K
  class space    used 6614K, capacity 6743K, committed 6784K, reserved 1048576K
Event: 17,261 GC heap after
Heap after GC invocations=14 (full 2):
 PSYoungGen      total 829952K, used 544K [0x000000076b980000, 0x00000007a2580000, 0x00000007c0000000)
  eden space 807936K, 0% used [0x000000076b980000,0x000000076b980000,0x000000079ce80000)
  from space 22016K, 2% used [0x000000079e480000,0x000000079e508000,0x000000079fa00000)
  to   space 22528K, 0% used [0x000000079ce80000,0x000000079ce80000,0x000000079e480000)
 ParOldGen       total 117760K, used 37287K [0x00000006c2c00000, 0x00000006c9f00000, 0x000000076b980000)
  object space 117760K, 31% used [0x00000006c2c00000,0x00000006c5069f30,0x00000006c9f00000)
 Metaspace       used 58517K, capacity 58920K, committed 59160K, reserved 1101824K
  class space    used 6614K, capacity 6743K, committed 6784K, reserved 1048576K
}
Event: 17,261 GC heap before
{Heap before GC invocations=15 (full 3):
 PSYoungGen      total 829952K, used 544K [0x000000076b980000, 0x00000007a2580000, 0x00000007c0000000)
  eden space 807936K, 0% used [0x000000076b980000,0x000000076b980000,0x000000079ce80000)
  from space 22016K, 2% used [0x000000079e480000,0x000000079e508000,0x000000079fa00000)
  to   space 22528K, 0% used [0x000000079ce80000,0x000000079ce80000,0x000000079e480000)
 ParOldGen       total 117760K, used 37287K [0x00000006c2c00000, 0x00000006c9f00000, 0x000000076b980000)
  object space 117760K, 31% used [0x00000006c2c00000,0x00000006c5069f30,0x00000006c9f00000)
 Metaspace       used 58517K, capacity 58920K, committed 59160K, reserved 1101824K
  class space    used 6614K, capacity 6743K, committed 6784K, reserved 1048576K
Event: 17,415 GC heap after
Heap after GC invocations=15 (full 3):
 PSYoungGen      total 829952K, used 0K [0x000000076b980000, 0x00000007a2580000, 0x00000007c0000000)
  eden space 807936K, 0% used [0x000000076b980000,0x000000076b980000,0x000000079ce80000)
  from space 22016K, 0% used [0x000000079e480000,0x000000079e480000,0x000000079fa00000)
  to   space 22528K, 0% used [0x000000079ce80000,0x000000079ce80000,0x000000079e480000)
 ParOldGen       total 147968K, used 32621K [0x00000006c2c00000, 0x00000006cbc80000, 0x000000076b980000)
  object space 147968K, 22% used [0x00000006c2c00000,0x00000006c4bdb780,0x00000006cbc80000)
 Metaspace       used 58517K, capacity 58920K, committed 59160K, reserved 1101824K
  class space    used 6614K, capacity 6743K, committed 6784K, reserved 1048576K
}

